{
  "stats": {
    "suites": 5,
    "tests": 4,
    "passes": 3,
    "pending": 0,
    "failures": 1,
    "start": "2018-01-15T03:11:55.647Z",
    "end": "2018-01-15T03:11:56.303Z",
    "duration": 656,
    "testsRegistered": 4,
    "passPercent": 75,
    "pendingPercent": 0,
    "other": 0,
    "hasOther": false,
    "skipped": 0,
    "hasSkipped": false,
    "passPercentClass": "warning",
    "pendingPercentClass": "danger"
  },
  "suites": {
    "uuid": "4d6cfc6a-f5b4-4c9d-bd81-ea08d1eea670",
    "title": "",
    "fullFile": "",
    "file": "",
    "beforeHooks": [],
    "afterHooks": [],
    "tests": [],
    "suites": [
      {
        "uuid": "0633e8fc-0dc1-48da-a853-54a3b3ae6eb3",
        "title": "API CALL UNIT TESTING",
        "fullFile": "C:\\Users\\MYEQ\\Documents\\Aplicaciones\\profile.matcher\\test\\test.js",
        "file": "\\test.js",
        "beforeHooks": [],
        "afterHooks": [],
        "tests": [],
        "suites": [
          {
            "uuid": "bfbde898-07fa-4ab3-a8ef-fd483d638f15",
            "title": "GET /api",
            "fullFile": "C:\\Users\\MYEQ\\Documents\\Aplicaciones\\profile.matcher\\test\\test.js",
            "file": "\\test.js",
            "beforeHooks": [],
            "afterHooks": [],
            "tests": [
              {
                "title": "La respuesta existe para el mensaje enviado",
                "fullTitle": "API CALL UNIT TESTING GET /api La respuesta existe para el mensaje enviado",
                "timedOut": false,
                "duration": 0,
                "state": "failed",
                "pass": false,
                "fail": true,
                "pending": false,
                "code": "request('http://chatbot-chatbot01.7e14.starter-us-west-2.openshiftapps.com/api/chatbot?text=hello!', \n\tfunction (err, resp) {\n\t\tvar positive = [\"HELLO\",\"HI\",\"GREETINGS\"];\n\t\t// console.log(\"JSON.parse(resp.body)\",JSON.parse(resp.body))\n\t\t// console.log(\"positive.toString()\",positive.toString())\n\t\tvar answer=JSON.parse(resp.body);\n\t\t\tif(answer.status==\"ERROR\"){\n\t\t\t\tassert.isNotOk(positive.toString() , answer.message)\n\t\t\t\tdone();\n\t\t\t}else{\n\t\t\t\tvar index=positive.indexOf(answer.text.toUpperCase())\n\t\t\t\tassert.notEqual(-1, index,\"El saludo existe.\");\n\t\t        done();\t\t\n\t\t\t}\n  \n});",
                "err": {
                  "message": "AssertionError: list index out of range: expected 'HELLO,HI,GREETINGS' to be falsy",
                  "estack": "AssertionError: list index out of range: expected 'HELLO,HI,GREETINGS' to be falsy\n    at Request._callback (test.js:21:12)\n    at Request.self.callback (node_modules\\request\\request.js:186:22)\n    at Request.<anonymous> (node_modules\\request\\request.js:1163:10)\n    at IncomingMessage.<anonymous> (node_modules\\request\\request.js:1085:12)\n    at endReadableNT (_stream_readable.js:1056:12)\n    at _combinedTickCallback (internal/process/next_tick.js:138:11)\n    at process._tickCallback (internal/process/next_tick.js:180:9)"
                },
                "isRoot": false,
                "uuid": "00b729a6-0f5c-421e-86f4-c7068120bdd8",
                "isHook": false,
                "skipped": false
              }
            ],
            "suites": [],
            "passes": [],
            "failures": [
              "00b729a6-0f5c-421e-86f4-c7068120bdd8"
            ],
            "pending": [],
            "skipped": [],
            "duration": null,
            "root": false,
            "rootEmpty": false,
            "_timeout": 2000
          }
        ],
        "passes": [],
        "failures": [],
        "pending": [],
        "skipped": [],
        "duration": 0,
        "root": false,
        "rootEmpty": false,
        "_timeout": 2000
      },
      {
        "uuid": "fef12e5f-52db-425f-a5fc-54065e93ae3d",
        "title": "Array",
        "fullFile": "C:\\Users\\MYEQ\\Documents\\Aplicaciones\\profile.matcher\\test\\test.js",
        "file": "\\test.js",
        "beforeHooks": [],
        "afterHooks": [],
        "tests": [],
        "suites": [
          {
            "uuid": "3849aaa7-2c60-4b96-9cf3-9715b013de0d",
            "title": "#indexOf()",
            "fullFile": "C:\\Users\\MYEQ\\Documents\\Aplicaciones\\profile.matcher\\test\\test.js",
            "file": "\\test.js",
            "beforeHooks": [],
            "afterHooks": [],
            "tests": [
              {
                "title": "should return -1 when the value is not present",
                "fullTitle": "Array #indexOf() should return -1 when the value is not present",
                "timedOut": false,
                "duration": 1,
                "state": "passed",
                "speed": "fast",
                "pass": true,
                "fail": false,
                "pending": false,
                "code": "assert.equal(-1, [1,2,3].indexOf(4));",
                "err": {},
                "isRoot": false,
                "uuid": "5bdf128b-db2e-4b70-8fb2-5fc7084812da",
                "isHook": false,
                "skipped": false
              }
            ],
            "suites": [],
            "passes": [
              "5bdf128b-db2e-4b70-8fb2-5fc7084812da"
            ],
            "failures": [],
            "pending": [],
            "skipped": [],
            "duration": 1,
            "root": false,
            "rootEmpty": false,
            "_timeout": 2000
          }
        ],
        "passes": [],
        "failures": [],
        "pending": [],
        "skipped": [],
        "duration": 0,
        "root": false,
        "rootEmpty": false,
        "_timeout": 2000
      },
      {
        "uuid": "585b3ca6-a473-456d-9018-cdc901bae31f",
        "title": "Calculator Tests",
        "fullFile": "C:\\Users\\MYEQ\\Documents\\Aplicaciones\\profile.matcher\\test\\test.js",
        "file": "\\test.js",
        "beforeHooks": [],
        "afterHooks": [],
        "tests": [
          {
            "title": "returns 1+1=2",
            "fullTitle": "Calculator Tests returns 1+1=2",
            "timedOut": false,
            "duration": 1,
            "state": "passed",
            "speed": "fast",
            "pass": true,
            "fail": false,
            "pending": false,
            "code": "assert.equal(calc.add(1, 1), 2);\ndone();",
            "err": {},
            "isRoot": false,
            "uuid": "a741908f-2c18-4fba-8cc2-bc1f3fcf1949",
            "isHook": false,
            "skipped": false
          },
          {
            "title": "returns 2*2=4",
            "fullTitle": "Calculator Tests returns 2*2=4",
            "timedOut": false,
            "duration": 0,
            "state": "passed",
            "speed": "fast",
            "pass": true,
            "fail": false,
            "pending": false,
            "code": "assert.equal(calc.mul(2, 2), 4);\ndone();",
            "err": {},
            "isRoot": false,
            "uuid": "c40d1005-55c2-4451-8bcb-ca7c7c59a42c",
            "isHook": false,
            "skipped": false
          }
        ],
        "suites": [],
        "passes": [
          "a741908f-2c18-4fba-8cc2-bc1f3fcf1949",
          "c40d1005-55c2-4451-8bcb-ca7c7c59a42c"
        ],
        "failures": [],
        "pending": [],
        "skipped": [],
        "duration": 1,
        "root": false,
        "rootEmpty": false,
        "_timeout": 2000
      }
    ],
    "passes": [],
    "failures": [],
    "pending": [],
    "skipped": [],
    "duration": 0,
    "root": true,
    "rootEmpty": true,
    "_timeout": 2000
  },
  "copyrightYear": 2018
}